2022-08-02 10:03:58,075 INFO sqlalchemy.engine.Engine SHOW VARIABLES LIKE 'sql_mode'
2022-08-02 10:03:58,076 INFO sqlalchemy.engine.Engine [raw sql] {}
2022-08-02 10:03:58,080 INFO sqlalchemy.engine.Engine SHOW VARIABLES LIKE 'lower_case_table_names'
2022-08-02 10:03:58,080 INFO sqlalchemy.engine.Engine [generated in 0.00040s] {}
2022-08-02 10:03:58,082 INFO sqlalchemy.engine.Engine SELECT DATABASE()
2022-08-02 10:03:58,082 INFO sqlalchemy.engine.Engine [raw sql] {}
2022-08-02 10:03:58,083 INFO sqlalchemy.engine.Engine CREATE DATABASE IF NOT EXISTS pity default character set utf8mb4 collate utf8mb4_unicode_ci
2022-08-02 10:03:58,083 INFO sqlalchemy.engine.Engine [raw sql] {}
2022-08-02 10:03:58,084 INFO sqlalchemy.engine.Engine COMMIT
[32m2022-08-02 10:03:59.292[0m | [32m[1mSUCCESS [0m | [36m__main__[0m:[36m<module>[0m:[36m34[0m - [32m[1mpity is running at [31mdev[0m[32m[1m[0m
[32m2022-08-02 10:03:59.292[0m | [32m[1mSUCCESS [0m | [36m__main__[0m:[36m<module>[0m:[36m35[0m - [32m[1m
 ________        ___          _________         ___    ___ 
|\   __  \      |\  \        |\___   ___\      |\  \  /  /|
\ \  \|\  \     \ \  \       \|___ \  \_|      \ \  \/  / /
 \ \   ____\     \ \  \           \ \  \        \ \    / / 
  \ \  \___|      \ \  \           \ \  \        \/  /  /  
   \ \__\          \ \__\           \ \__\     __/  / /    
    \|__|           \|__|            \|__|    |\___/ /     
                                              \|___|/      

[0m
